[debug] [2020-11-28T16:06:37.829Z] ----------------------------------------------------------------------
[debug] [2020-11-28T16:06:37.831Z] Command:       /usr/bin/node /usr/local/bin/firebase deploy
[debug] [2020-11-28T16:06:37.831Z] CLI Version:   8.10.0
[debug] [2020-11-28T16:06:37.831Z] Platform:      linux
[debug] [2020-11-28T16:06:37.831Z] Node Version:  v10.19.0
[debug] [2020-11-28T16:06:37.832Z] Time:          Sat Nov 28 2020 21:36:37 GMT+0530 (India Standard Time)
[debug] [2020-11-28T16:06:37.832Z] ----------------------------------------------------------------------
[debug] [2020-11-28T16:06:37.832Z] 
[debug] [2020-11-28T16:06:37.852Z] > command requires scopes: ["email","openid","https://www.googleapis.com/auth/cloudplatformprojects.readonly","https://www.googleapis.com/auth/firebase","https://www.googleapis.com/auth/cloud-platform"]
[debug] [2020-11-28T16:06:37.853Z] > authorizing via signed-in user
[debug] [2020-11-28T16:06:37.853Z] [iam] checking project svd-attendance for permissions ["cloudfunctions.functions.create","cloudfunctions.functions.delete","cloudfunctions.functions.get","cloudfunctions.functions.list","cloudfunctions.functions.update","cloudfunctions.operations.get","datastore.indexes.create","datastore.indexes.delete","datastore.indexes.list","datastore.indexes.update","firebase.projects.get","firebasehosting.sites.update"]
[debug] [2020-11-28T16:06:37.856Z] >>> HTTP REQUEST POST https://cloudresourcemanager.googleapis.com/v1/projects/svd-attendance:testIamPermissions  
 {"permissions":["cloudfunctions.functions.create","cloudfunctions.functions.delete","cloudfunctions.functions.get","cloudfunctions.functions.list","cloudfunctions.functions.update","cloudfunctions.operations.get","datastore.indexes.create","datastore.indexes.delete","datastore.indexes.list","datastore.indexes.update","firebase.projects.get","firebasehosting.sites.update"]}
[debug] [2020-11-28T16:06:39.065Z] <<< HTTP RESPONSE 200 {"content-type":"application/json; charset=UTF-8","vary":"X-Origin, Referer, Origin,Accept-Encoding","date":"Sat, 28 Nov 2020 16:06:38 GMT","server":"ESF","cache-control":"private","x-xss-protection":"0","x-frame-options":"SAMEORIGIN","x-content-type-options":"nosniff","server-timing":"gfet4t7; dur=1026","alt-svc":"h3-29=\":443\"; ma=2592000,h3-T051=\":443\"; ma=2592000,h3-Q050=\":443\"; ma=2592000,h3-Q046=\":443\"; ma=2592000,h3-Q043=\":443\"; ma=2592000,quic=\":443\"; ma=2592000; v=\"46,43\"","accept-ranges":"none","transfer-encoding":"chunked"}
[debug] [2020-11-28T16:06:39.067Z] >>> HTTP REQUEST POST https://iam.googleapis.com/v1/projects/svd-attendance/serviceAccounts/svd-attendance@appspot.gserviceaccount.com:testIamPermissions  
 {"permissions":["iam.serviceAccounts.actAs"]}
[debug] [2020-11-28T16:06:40.559Z] <<< HTTP RESPONSE 200 {"content-type":"application/json; charset=UTF-8","vary":"X-Origin, Referer, Origin,Accept-Encoding","date":"Sat, 28 Nov 2020 16:06:40 GMT","server":"ESF","cache-control":"private","x-xss-protection":"0","x-frame-options":"SAMEORIGIN","x-content-type-options":"nosniff","alt-svc":"h3-29=\":443\"; ma=2592000,h3-T051=\":443\"; ma=2592000,h3-Q050=\":443\"; ma=2592000,h3-Q046=\":443\"; ma=2592000,h3-Q043=\":443\"; ma=2592000,quic=\":443\"; ma=2592000; v=\"46,43\"","accept-ranges":"none","transfer-encoding":"chunked"}
[debug] [2020-11-28T16:06:40.560Z] >>> HTTP REQUEST GET https://firebase.googleapis.com/v1beta1/projects/svd-attendance  
 
[debug] [2020-11-28T16:06:40.969Z] <<< HTTP RESPONSE 200 {"content-type":"application/json; charset=UTF-8","vary":"X-Origin, Referer, Origin,Accept-Encoding","date":"Sat, 28 Nov 2020 16:06:40 GMT","server":"ESF","cache-control":"private","x-xss-protection":"0","x-frame-options":"SAMEORIGIN","x-content-type-options":"nosniff","alt-svc":"h3-29=\":443\"; ma=2592000,h3-T051=\":443\"; ma=2592000,h3-Q050=\":443\"; ma=2592000,h3-Q046=\":443\"; ma=2592000,h3-Q043=\":443\"; ma=2592000,quic=\":443\"; ma=2592000; v=\"46,43\"","accept-ranges":"none","transfer-encoding":"chunked"}
[info] 
[info] === Deploying to 'svd-attendance'...
[info] 
[info] i  deploying firestore, functions, hosting 
[info] i  firestore: reading indexes from firestore.indexes.json... 
[info] i  cloud.firestore: checking firestore.rules for compilation errors... 
[debug] [2020-11-28T16:06:47.388Z] >>> HTTP REQUEST POST https://firebaserules.googleapis.com/v1/projects/svd-attendance:test  
 {"source":{"files":[{"name":"firestore.rules","content":"rules_version = '2';\nservice cloud.firestore {\n  match /databases/{database}/documents {\n    match /{document=**} {  \n      allow read, write: if false;\n    }\n\n    match /attendance/{docId} {\n      allow read: if false;\n      allow create: if true;\n      allow update: if false;\n      allow delete: if false;\n    }\n  }\n}"}]}}
[debug] [2020-11-28T16:06:48.853Z] <<< HTTP RESPONSE 200 {"content-type":"application/json; charset=UTF-8","vary":"X-Origin, Referer, Origin,Accept-Encoding","date":"Sat, 28 Nov 2020 16:06:48 GMT","server":"ESF","cache-control":"private","x-xss-protection":"0","x-frame-options":"SAMEORIGIN","x-content-type-options":"nosniff","alt-svc":"h3-29=\":443\"; ma=2592000,h3-T051=\":443\"; ma=2592000,h3-Q050=\":443\"; ma=2592000,h3-Q046=\":443\"; ma=2592000,h3-Q043=\":443\"; ma=2592000,quic=\":443\"; ma=2592000; v=\"46,43\"","accept-ranges":"none","transfer-encoding":"chunked"}
[info] ✔  cloud.firestore: rules file firestore.rules compiled successfully 
[debug] [2020-11-28T16:06:48.872Z] > [functions] package.json contents: {
  "name": "functions",
  "description": "Cloud Functions for Firebase",
  "scripts": {
    "serve": "firebase emulators:start --only functions",
    "shell": "firebase functions:shell",
    "start": "npm run shell",
    "deploy": "firebase deploy --only functions",
    "logs": "firebase functions:log"
  },
  "engines": {
    "node": "10"
  },
  "main": "index.js",
  "dependencies": {
    "cors": "^2.8.5",
    "firebase-admin": "^8.10.0",
    "firebase-functions": "^3.6.1"
  },
  "devDependencies": {
    "firebase-functions-test": "^0.2.0"
  },
  "private": true
}
[info] i  functions: ensuring required API cloudfunctions.googleapis.com is enabled... 
[info] i  functions: ensuring required API cloudbuild.googleapis.com is enabled... 
[debug] [2020-11-28T16:06:51.727Z] >>> HTTP REQUEST GET https://serviceusage.googleapis.com/v1/projects/svd-attendance/services/cloudfunctions.googleapis.com  
 
[debug] [2020-11-28T16:06:51.727Z] >>> HTTP REQUEST GET https://serviceusage.googleapis.com/v1/projects/svd-attendance/services/runtimeconfig.googleapis.com  
 
[debug] [2020-11-28T16:06:51.728Z] >>> HTTP REQUEST GET https://serviceusage.googleapis.com/v1/projects/svd-attendance/services/cloudbuild.googleapis.com  
 
